2026-02-04 14:15:47,764 |  INFO | Attendence.clients | clients.py:19 |create_supabase_client | Supabase client created successfully.
2026-02-04 14:15:47,764 |  INFO | Attendence.clients | clients.py:32 |create_github_client | GitHub credentials are not fully set in environment variables.
2026-02-04 14:16:20,334 |  INFO | Attendence.clients | clients.py:19 |create_supabase_client | Supabase client created successfully.
2026-02-04 14:16:20,384 |  INFO | Attendence.clients | clients.py:19 |create_supabase_client | Supabase client created successfully.
2026-02-04 14:16:21,534 |  ERROR | Attendence.student | student.py:54 |show_student_panel | Failed to fetch class settings
Traceback (most recent call last):
  File "/Users/amruthakanakatteravishankar/Desktop/End-to-End_Projects/Smart Attendance Portal with Supabase/Attendence/student.py", line 47, in show_student_panel
    .eq("class_name", selected_class)
                      ^^^^^^^^^^^^^^
NameError: name 'selected_class' is not defined
2026-02-04 14:16:30,625 |  INFO | Attendence.clients | clients.py:19 |create_supabase_client | Supabase client created successfully.
2026-02-04 14:16:30,635 |  INFO | Attendence.clients | clients.py:19 |create_supabase_client | Supabase client created successfully.
2026-02-04 14:16:30,863 |  ERROR | Attendence.student | student.py:54 |show_student_panel | Failed to fetch class settings
Traceback (most recent call last):
  File "/Users/amruthakanakatteravishankar/Desktop/End-to-End_Projects/Smart Attendance Portal with Supabase/Attendence/student.py", line 47, in show_student_panel
    .eq("class_name", selected_class)
                      ^^^^^^^^^^^^^^
NameError: name 'selected_class' is not defined
2026-02-04 14:16:36,279 |  INFO | Attendence.clients | clients.py:19 |create_supabase_client | Supabase client created successfully.
2026-02-04 14:16:36,289 |  INFO | Attendence.clients | clients.py:19 |create_supabase_client | Supabase client created successfully.
2026-02-04 14:16:36,476 |  ERROR | Attendence.student | student.py:54 |show_student_panel | Failed to fetch class settings
Traceback (most recent call last):
  File "/Users/amruthakanakatteravishankar/Desktop/End-to-End_Projects/Smart Attendance Portal with Supabase/Attendence/student.py", line 47, in show_student_panel
    .eq("class_name", selected_class)
                      ^^^^^^^^^^^^^^
NameError: name 'selected_class' is not defined
2026-02-04 14:16:37,244 |  INFO | Attendence.clients | clients.py:19 |create_supabase_client | Supabase client created successfully.
2026-02-04 14:16:37,256 |  INFO | Attendence.clients | clients.py:19 |create_supabase_client | Supabase client created successfully.
2026-02-04 14:16:37,353 |  ERROR | Attendence.student | student.py:54 |show_student_panel | Failed to fetch class settings
Traceback (most recent call last):
  File "/Users/amruthakanakatteravishankar/Desktop/End-to-End_Projects/Smart Attendance Portal with Supabase/Attendence/student.py", line 47, in show_student_panel
    .eq("class_name", selected_class)
                      ^^^^^^^^^^^^^^
NameError: name 'selected_class' is not defined
2026-02-04 14:16:37,978 |  INFO | Attendence.clients | clients.py:19 |create_supabase_client | Supabase client created successfully.
2026-02-04 14:16:37,991 |  INFO | Attendence.clients | clients.py:19 |create_supabase_client | Supabase client created successfully.
2026-02-04 14:16:38,101 |  ERROR | Attendence.student | student.py:54 |show_student_panel | Failed to fetch class settings
Traceback (most recent call last):
  File "/Users/amruthakanakatteravishankar/Desktop/End-to-End_Projects/Smart Attendance Portal with Supabase/Attendence/student.py", line 47, in show_student_panel
    .eq("class_name", selected_class)
                      ^^^^^^^^^^^^^^
NameError: name 'selected_class' is not defined
2026-02-04 14:16:41,028 |  INFO | Attendence.clients | clients.py:19 |create_supabase_client | Supabase client created successfully.
2026-02-04 14:16:41,040 |  INFO | Attendence.clients | clients.py:19 |create_supabase_client | Supabase client created successfully.
2026-02-04 14:16:41,139 |  ERROR | Attendence.student | student.py:54 |show_student_panel | Failed to fetch class settings
Traceback (most recent call last):
  File "/Users/amruthakanakatteravishankar/Desktop/End-to-End_Projects/Smart Attendance Portal with Supabase/Attendence/student.py", line 47, in show_student_panel
    .eq("class_name", selected_class)
                      ^^^^^^^^^^^^^^
NameError: name 'selected_class' is not defined
2026-02-04 14:17:27,862 |  INFO | Attendence.clients | clients.py:19 |create_supabase_client | Supabase client created successfully.
2026-02-04 14:17:27,862 |  INFO | Attendence.clients | clients.py:32 |create_github_client | GitHub credentials are not fully set in environment variables.
2026-02-04 14:17:27,939 |  INFO | Attendence.clients | clients.py:19 |create_supabase_client | Supabase client created successfully.
2026-02-04 14:17:27,939 |  INFO | Attendence.clients | clients.py:32 |create_github_client | GitHub credentials are not fully set in environment variables.
2026-02-04 14:17:28,175 |  INFO | Attendence.clients | clients.py:19 |create_supabase_client | Supabase client created successfully.
2026-02-04 14:17:38,325 |  INFO | Attendence.clients | clients.py:19 |create_supabase_client | Supabase client created successfully.
2026-02-04 14:17:38,325 |  INFO | Attendence.clients | clients.py:32 |create_github_client | GitHub credentials are not fully set in environment variables.
2026-02-04 14:17:38,679 |  INFO | Attendence.clients | clients.py:19 |create_supabase_client | Supabase client created successfully.
2026-02-04 14:17:38,680 |  INFO | Attendence.clients | clients.py:32 |create_github_client | GitHub credentials are not fully set in environment variables.
2026-02-04 14:17:38,870 |  INFO | Attendence.clients | clients.py:19 |create_supabase_client | Supabase client created successfully.
2026-02-04 14:17:44,138 |  INFO | Attendence.clients | clients.py:19 |create_supabase_client | Supabase client created successfully.
2026-02-04 14:17:44,139 |  INFO | Attendence.clients | clients.py:32 |create_github_client | GitHub credentials are not fully set in environment variables.
2026-02-04 14:17:44,448 |  INFO | Attendence.clients | clients.py:19 |create_supabase_client | Supabase client created successfully.
2026-02-04 14:19:16,622 |  INFO | Attendence.clients | clients.py:19 |create_supabase_client | Supabase client created successfully.
2026-02-04 14:19:16,674 |  INFO | Attendence.clients | clients.py:19 |create_supabase_client | Supabase client created successfully.
2026-02-04 14:19:16,952 |  ERROR | Attendence.student | student.py:54 |show_student_panel | Failed to fetch class settings
Traceback (most recent call last):
  File "/Users/amruthakanakatteravishankar/Desktop/End-to-End_Projects/Smart Attendance Portal with Supabase/Attendence/student.py", line 47, in show_student_panel
    .eq("class_name", selected_class)
                      ^^^^^^^^^^^^^^
NameError: name 'selected_class' is not defined
2026-02-04 14:19:26,011 |  INFO | Attendence.clients | clients.py:19 |create_supabase_client | Supabase client created successfully.
2026-02-04 14:19:26,011 |  INFO | Attendence.clients | clients.py:32 |create_github_client | GitHub credentials are not fully set in environment variables.
2026-02-04 14:19:37,020 |  INFO | Attendence.clients | clients.py:19 |create_supabase_client | Supabase client created successfully.
2026-02-04 14:19:37,020 |  INFO | Attendence.clients | clients.py:32 |create_github_client | GitHub credentials are not fully set in environment variables.
2026-02-04 14:19:37,078 |  INFO | Attendence.clients | clients.py:19 |create_supabase_client | Supabase client created successfully.
2026-02-04 14:19:37,079 |  INFO | Attendence.clients | clients.py:32 |create_github_client | GitHub credentials are not fully set in environment variables.
2026-02-04 14:19:37,285 |  INFO | Attendence.clients | clients.py:19 |create_supabase_client | Supabase client created successfully.
2026-02-04 14:19:48,053 |  INFO | Attendence.clients | clients.py:19 |create_supabase_client | Supabase client created successfully.
2026-02-04 14:19:48,053 |  INFO | Attendence.clients | clients.py:32 |create_github_client | GitHub credentials are not fully set in environment variables.
2026-02-04 14:19:48,264 |  INFO | Attendence.clients | clients.py:19 |create_supabase_client | Supabase client created successfully.
2026-02-04 14:19:49,208 |  INFO | Attendence.clients | clients.py:19 |create_supabase_client | Supabase client created successfully.
2026-02-04 14:19:49,208 |  INFO | Attendence.clients | clients.py:32 |create_github_client | GitHub credentials are not fully set in environment variables.
2026-02-04 14:19:49,473 |  INFO | Attendence.clients | clients.py:19 |create_supabase_client | Supabase client created successfully.
2026-02-04 14:19:49,473 |  INFO | Attendence.clients | clients.py:32 |create_github_client | GitHub credentials are not fully set in environment variables.
2026-02-04 14:19:49,681 |  INFO | Attendence.clients | clients.py:19 |create_supabase_client | Supabase client created successfully.
2026-02-04 14:19:49,721 |  INFO | Attendence.clients | clients.py:19 |create_supabase_client | Supabase client created successfully.
2026-02-04 14:19:49,722 |  INFO | Attendence.clients | clients.py:32 |create_github_client | GitHub credentials are not fully set in environment variables.
2026-02-04 14:19:49,971 |  INFO | Attendence.clients | clients.py:19 |create_supabase_client | Supabase client created successfully.
2026-02-04 14:19:49,972 |  INFO | Attendence.clients | clients.py:32 |create_github_client | GitHub credentials are not fully set in environment variables.
2026-02-04 14:19:50,144 |  INFO | Attendence.clients | clients.py:19 |create_supabase_client | Supabase client created successfully.
2026-02-04 14:19:52,057 |  INFO | Attendence.clients | clients.py:19 |create_supabase_client | Supabase client created successfully.
2026-02-04 14:19:52,057 |  INFO | Attendence.clients | clients.py:32 |create_github_client | GitHub credentials are not fully set in environment variables.
2026-02-04 14:19:52,315 |  INFO | Attendence.clients | clients.py:19 |create_supabase_client | Supabase client created successfully.
2026-02-04 14:19:53,304 |  INFO | Attendence.clients | clients.py:19 |create_supabase_client | Supabase client created successfully.
2026-02-04 14:19:53,304 |  INFO | Attendence.clients | clients.py:32 |create_github_client | GitHub credentials are not fully set in environment variables.
2026-02-04 14:19:53,592 |  INFO | Attendence.clients | clients.py:19 |create_supabase_client | Supabase client created successfully.
2026-02-04 14:19:53,593 |  INFO | Attendence.clients | clients.py:32 |create_github_client | GitHub credentials are not fully set in environment variables.
2026-02-04 14:19:53,799 |  INFO | Attendence.clients | clients.py:19 |create_supabase_client | Supabase client created successfully.
2026-02-04 14:19:59,156 |  INFO | Attendence.clients | clients.py:19 |create_supabase_client | Supabase client created successfully.
2026-02-04 14:19:59,156 |  INFO | Attendence.clients | clients.py:32 |create_github_client | GitHub credentials are not fully set in environment variables.
2026-02-04 14:19:59,317 |  INFO | Attendence.clients | clients.py:19 |create_supabase_client | Supabase client created successfully.
2026-02-04 14:20:00,918 |  INFO | Attendence.clients | clients.py:19 |create_supabase_client | Supabase client created successfully.
2026-02-04 14:20:00,918 |  INFO | Attendence.clients | clients.py:32 |create_github_client | GitHub credentials are not fully set in environment variables.
2026-02-04 14:20:01,153 |  INFO | Attendence.clients | clients.py:19 |create_supabase_client | Supabase client created successfully.
2026-02-04 14:20:01,153 |  INFO | Attendence.clients | clients.py:32 |create_github_client | GitHub credentials are not fully set in environment variables.
2026-02-04 14:20:01,332 |  INFO | Attendence.clients | clients.py:19 |create_supabase_client | Supabase client created successfully.
2026-02-04 14:20:05,558 |  INFO | Attendence.clients | clients.py:19 |create_supabase_client | Supabase client created successfully.
2026-02-04 14:20:05,558 |  INFO | Attendence.clients | clients.py:32 |create_github_client | GitHub credentials are not fully set in environment variables.
2026-02-04 14:20:05,745 |  INFO | Attendence.clients | clients.py:19 |create_supabase_client | Supabase client created successfully.
2026-02-04 14:20:07,133 |  INFO | Attendence.clients | clients.py:19 |create_supabase_client | Supabase client created successfully.
2026-02-04 14:20:07,133 |  INFO | Attendence.clients | clients.py:32 |create_github_client | GitHub credentials are not fully set in environment variables.
2026-02-04 14:20:07,366 |  INFO | Attendence.clients | clients.py:19 |create_supabase_client | Supabase client created successfully.
2026-02-04 14:20:07,366 |  INFO | Attendence.clients | clients.py:32 |create_github_client | GitHub credentials are not fully set in environment variables.
2026-02-04 14:20:07,556 |  INFO | Attendence.clients | clients.py:19 |create_supabase_client | Supabase client created successfully.
2026-02-04 14:20:10,442 |  INFO | Attendence.clients | clients.py:19 |create_supabase_client | Supabase client created successfully.
2026-02-04 14:20:10,443 |  INFO | Attendence.clients | clients.py:32 |create_github_client | GitHub credentials are not fully set in environment variables.
2026-02-04 14:20:10,655 |  INFO | Attendence.clients | clients.py:19 |create_supabase_client | Supabase client created successfully.
2026-02-04 14:20:11,549 |  INFO | Attendence.clients | clients.py:19 |create_supabase_client | Supabase client created successfully.
2026-02-04 14:20:11,550 |  INFO | Attendence.clients | clients.py:32 |create_github_client | GitHub credentials are not fully set in environment variables.
2026-02-04 14:20:11,792 |  INFO | Attendence.clients | clients.py:19 |create_supabase_client | Supabase client created successfully.
2026-02-04 14:20:11,792 |  INFO | Attendence.clients | clients.py:32 |create_github_client | GitHub credentials are not fully set in environment variables.
2026-02-04 14:20:11,981 |  INFO | Attendence.clients | clients.py:19 |create_supabase_client | Supabase client created successfully.
2026-02-04 14:20:21,422 |  INFO | Attendence.clients | clients.py:19 |create_supabase_client | Supabase client created successfully.
2026-02-04 14:20:21,422 |  INFO | Attendence.clients | clients.py:32 |create_github_client | GitHub credentials are not fully set in environment variables.
2026-02-04 14:20:21,621 |  INFO | Attendence.clients | clients.py:19 |create_supabase_client | Supabase client created successfully.
2026-02-04 14:20:23,450 |  INFO | Attendence.clients | clients.py:19 |create_supabase_client | Supabase client created successfully.
2026-02-04 14:20:23,450 |  INFO | Attendence.clients | clients.py:32 |create_github_client | GitHub credentials are not fully set in environment variables.
2026-02-04 14:20:23,685 |  INFO | Attendence.clients | clients.py:19 |create_supabase_client | Supabase client created successfully.
2026-02-04 14:20:23,685 |  INFO | Attendence.clients | clients.py:32 |create_github_client | GitHub credentials are not fully set in environment variables.
2026-02-04 14:20:23,859 |  INFO | Attendence.clients | clients.py:19 |create_supabase_client | Supabase client created successfully.
2026-02-04 14:20:29,506 |  INFO | Attendence.clients | clients.py:19 |create_supabase_client | Supabase client created successfully.
2026-02-04 14:20:29,506 |  INFO | Attendence.clients | clients.py:32 |create_github_client | GitHub credentials are not fully set in environment variables.
2026-02-04 14:20:29,740 |  INFO | Attendence.clients | clients.py:19 |create_supabase_client | Supabase client created successfully.
2026-02-04 14:20:30,983 |  INFO | Attendence.clients | clients.py:19 |create_supabase_client | Supabase client created successfully.
2026-02-04 14:20:30,984 |  INFO | Attendence.clients | clients.py:32 |create_github_client | GitHub credentials are not fully set in environment variables.
2026-02-04 14:20:31,233 |  INFO | Attendence.clients | clients.py:19 |create_supabase_client | Supabase client created successfully.
2026-02-04 14:20:31,233 |  INFO | Attendence.clients | clients.py:32 |create_github_client | GitHub credentials are not fully set in environment variables.
2026-02-04 14:20:31,408 |  INFO | Attendence.clients | clients.py:19 |create_supabase_client | Supabase client created successfully.
2026-02-04 14:20:33,243 |  INFO | Attendence.clients | clients.py:19 |create_supabase_client | Supabase client created successfully.
2026-02-04 14:20:33,243 |  INFO | Attendence.clients | clients.py:32 |create_github_client | GitHub credentials are not fully set in environment variables.
2026-02-04 14:20:33,464 |  INFO | Attendence.clients | clients.py:19 |create_supabase_client | Supabase client created successfully.
2026-02-04 14:20:33,464 |  INFO | Attendence.clients | clients.py:32 |create_github_client | GitHub credentials are not fully set in environment variables.
2026-02-04 14:20:33,630 |  INFO | Attendence.clients | clients.py:19 |create_supabase_client | Supabase client created successfully.
2026-02-04 14:20:37,975 |  INFO | Attendence.clients | clients.py:19 |create_supabase_client | Supabase client created successfully.
2026-02-04 14:20:37,975 |  INFO | Attendence.clients | clients.py:32 |create_github_client | GitHub credentials are not fully set in environment variables.
2026-02-04 14:20:38,183 |  INFO | Attendence.clients | clients.py:19 |create_supabase_client | Supabase client created successfully.
2026-02-04 14:20:39,167 |  INFO | Attendence.clients | clients.py:19 |create_supabase_client | Supabase client created successfully.
2026-02-04 14:20:39,167 |  INFO | Attendence.clients | clients.py:32 |create_github_client | GitHub credentials are not fully set in environment variables.
2026-02-04 14:20:39,417 |  INFO | Attendence.clients | clients.py:19 |create_supabase_client | Supabase client created successfully.
2026-02-04 14:20:39,417 |  INFO | Attendence.clients | clients.py:32 |create_github_client | GitHub credentials are not fully set in environment variables.
2026-02-04 14:20:39,589 |  INFO | Attendence.clients | clients.py:19 |create_supabase_client | Supabase client created successfully.
2026-02-04 14:20:52,760 |  INFO | Attendence.clients | clients.py:19 |create_supabase_client | Supabase client created successfully.
2026-02-04 14:20:52,760 |  INFO | Attendence.clients | clients.py:32 |create_github_client | GitHub credentials are not fully set in environment variables.
2026-02-04 14:20:52,969 |  INFO | Attendence.clients | clients.py:19 |create_supabase_client | Supabase client created successfully.
2026-02-04 14:20:55,696 |  INFO | Attendence.clients | clients.py:19 |create_supabase_client | Supabase client created successfully.
2026-02-04 14:20:55,696 |  INFO | Attendence.clients | clients.py:32 |create_github_client | GitHub credentials are not fully set in environment variables.
2026-02-04 14:20:55,937 |  INFO | Attendence.clients | clients.py:19 |create_supabase_client | Supabase client created successfully.
2026-02-04 14:20:55,937 |  INFO | Attendence.clients | clients.py:32 |create_github_client | GitHub credentials are not fully set in environment variables.
2026-02-04 14:20:56,131 |  INFO | Attendence.clients | clients.py:19 |create_supabase_client | Supabase client created successfully.
2026-02-04 14:22:00,635 |  INFO | Attendence.clients | clients.py:19 |create_supabase_client | Supabase client created successfully.
2026-02-04 14:22:00,636 |  INFO | Attendence.clients | clients.py:32 |create_github_client | GitHub credentials are not fully set in environment variables.
2026-02-04 14:22:00,693 |  INFO | Attendence.clients | clients.py:19 |create_supabase_client | Supabase client created successfully.
2026-02-04 14:22:00,693 |  INFO | Attendence.clients | clients.py:32 |create_github_client | GitHub credentials are not fully set in environment variables.
2026-02-04 14:22:00,758 |  INFO | Attendence.clients | clients.py:19 |create_supabase_client | Supabase client created successfully.
2026-02-04 14:22:00,758 |  INFO | Attendence.clients | clients.py:32 |create_github_client | GitHub credentials are not fully set in environment variables.
2026-02-04 14:22:05,262 |  INFO | Attendence.clients | clients.py:19 |create_supabase_client | Supabase client created successfully.
2026-02-04 14:22:05,262 |  INFO | Attendence.clients | clients.py:32 |create_github_client | GitHub credentials are not fully set in environment variables.
2026-02-04 14:22:05,312 |  INFO | Attendence.clients | clients.py:19 |create_supabase_client | Supabase client created successfully.
2026-02-04 14:22:05,312 |  INFO | Attendence.clients | clients.py:32 |create_github_client | GitHub credentials are not fully set in environment variables.
2026-02-04 14:22:05,528 |  INFO | Attendence.clients | clients.py:19 |create_supabase_client | Supabase client created successfully.
2026-02-04 14:24:55,604 |  INFO | Attendence.clients | clients.py:19 |create_supabase_client | Supabase client created successfully.
2026-02-04 14:24:55,605 |  INFO | Attendence.clients | clients.py:32 |create_github_client | GitHub credentials are not fully set in environment variables.
2026-02-04 14:24:58,407 |  INFO | Attendence.clients | clients.py:19 |create_supabase_client | Supabase client created successfully.
2026-02-04 14:24:58,407 |  INFO | Attendence.clients | clients.py:32 |create_github_client | GitHub credentials are not fully set in environment variables.
2026-02-04 14:24:58,453 |  INFO | Attendence.clients | clients.py:19 |create_supabase_client | Supabase client created successfully.
2026-02-04 14:24:58,454 |  INFO | Attendence.clients | clients.py:32 |create_github_client | GitHub credentials are not fully set in environment variables.
2026-02-04 14:24:59,037 |  INFO | Attendence.clients | clients.py:19 |create_supabase_client | Supabase client created successfully.
2026-02-04 14:25:03,992 |  INFO | Attendence.clients | clients.py:19 |create_supabase_client | Supabase client created successfully.
2026-02-04 14:25:03,992 |  INFO | Attendence.clients | clients.py:32 |create_github_client | GitHub credentials are not fully set in environment variables.
2026-02-04 14:25:04,234 |  INFO | Attendence.clients | clients.py:19 |create_supabase_client | Supabase client created successfully.
2026-02-04 14:25:04,234 |  INFO | Attendence.clients | clients.py:32 |create_github_client | GitHub credentials are not fully set in environment variables.
2026-02-04 14:25:04,416 |  INFO | Attendence.clients | clients.py:19 |create_supabase_client | Supabase client created successfully.
2026-02-04 14:25:08,285 |  INFO | Attendence.clients | clients.py:19 |create_supabase_client | Supabase client created successfully.
2026-02-04 14:25:08,285 |  INFO | Attendence.clients | clients.py:32 |create_github_client | GitHub credentials are not fully set in environment variables.
2026-02-04 14:25:08,469 |  INFO | Attendence.clients | clients.py:19 |create_supabase_client | Supabase client created successfully.
2026-02-04 14:25:09,365 |  INFO | Attendence.clients | clients.py:19 |create_supabase_client | Supabase client created successfully.
2026-02-04 14:25:09,365 |  INFO | Attendence.clients | clients.py:32 |create_github_client | GitHub credentials are not fully set in environment variables.
2026-02-04 14:25:09,659 |  INFO | Attendence.clients | clients.py:19 |create_supabase_client | Supabase client created successfully.
2026-02-04 14:25:09,659 |  INFO | Attendence.clients | clients.py:32 |create_github_client | GitHub credentials are not fully set in environment variables.
2026-02-04 14:25:09,840 |  INFO | Attendence.clients | clients.py:19 |create_supabase_client | Supabase client created successfully.
2026-02-04 14:25:16,788 |  INFO | Attendence.clients | clients.py:19 |create_supabase_client | Supabase client created successfully.
2026-02-04 14:25:16,788 |  INFO | Attendence.clients | clients.py:32 |create_github_client | GitHub credentials are not fully set in environment variables.
2026-02-04 14:25:16,971 |  INFO | Attendence.clients | clients.py:19 |create_supabase_client | Supabase client created successfully.
2026-02-04 14:26:37,432 |  INFO | Attendence.clients | clients.py:19 |create_supabase_client | Supabase client created successfully.
2026-02-04 14:26:37,432 |  INFO | Attendence.clients | clients.py:32 |create_github_client | GitHub credentials are not fully set in environment variables.
2026-02-04 14:26:40,304 |  INFO | Attendence.clients | clients.py:19 |create_supabase_client | Supabase client created successfully.
2026-02-04 14:26:40,305 |  INFO | Attendence.clients | clients.py:32 |create_github_client | GitHub credentials are not fully set in environment variables.
2026-02-04 14:26:40,351 |  INFO | Attendence.clients | clients.py:19 |create_supabase_client | Supabase client created successfully.
2026-02-04 14:26:40,352 |  INFO | Attendence.clients | clients.py:32 |create_github_client | GitHub credentials are not fully set in environment variables.
2026-02-04 14:26:40,875 |  INFO | Attendence.clients | clients.py:19 |create_supabase_client | Supabase client created successfully.
2026-02-04 14:26:44,116 |  INFO | Attendence.clients | clients.py:19 |create_supabase_client | Supabase client created successfully.
2026-02-04 14:26:44,116 |  INFO | Attendence.clients | clients.py:32 |create_github_client | GitHub credentials are not fully set in environment variables.
2026-02-04 14:26:44,304 |  INFO | Attendence.clients | clients.py:19 |create_supabase_client | Supabase client created successfully.
2026-02-04 14:26:44,546 |  INFO | Attendence.clients | clients.py:19 |create_supabase_client | Supabase client created successfully.
2026-02-04 14:26:44,547 |  INFO | Attendence.clients | clients.py:32 |create_github_client | GitHub credentials are not fully set in environment variables.
2026-02-04 14:26:44,767 |  INFO | Attendence.clients | clients.py:19 |create_supabase_client | Supabase client created successfully.
2026-02-04 14:26:45,014 |  INFO | Attendence.clients | clients.py:19 |create_supabase_client | Supabase client created successfully.
2026-02-04 14:26:45,015 |  INFO | Attendence.clients | clients.py:32 |create_github_client | GitHub credentials are not fully set in environment variables.
2026-02-04 14:26:45,265 |  INFO | Attendence.clients | clients.py:19 |create_supabase_client | Supabase client created successfully.
2026-02-04 14:26:47,954 |  INFO | Attendence.clients | clients.py:19 |create_supabase_client | Supabase client created successfully.
2026-02-04 14:26:47,955 |  INFO | Attendence.clients | clients.py:32 |create_github_client | GitHub credentials are not fully set in environment variables.
2026-02-04 14:26:48,244 |  INFO | Attendence.clients | clients.py:19 |create_supabase_client | Supabase client created successfully.
2026-02-04 14:26:48,582 |  INFO | Attendence.clients | clients.py:19 |create_supabase_client | Supabase client created successfully.
2026-02-04 14:26:48,583 |  INFO | Attendence.clients | clients.py:32 |create_github_client | GitHub credentials are not fully set in environment variables.
2026-02-04 14:26:48,822 |  INFO | Attendence.clients | clients.py:19 |create_supabase_client | Supabase client created successfully.
2026-02-04 14:26:49,075 |  INFO | Attendence.clients | clients.py:19 |create_supabase_client | Supabase client created successfully.
2026-02-04 14:26:49,075 |  INFO | Attendence.clients | clients.py:32 |create_github_client | GitHub credentials are not fully set in environment variables.
2026-02-04 14:26:49,364 |  INFO | Attendence.clients | clients.py:19 |create_supabase_client | Supabase client created successfully.
2026-02-04 14:26:52,937 |  INFO | Attendence.clients | clients.py:19 |create_supabase_client | Supabase client created successfully.
2026-02-04 14:26:52,938 |  INFO | Attendence.clients | clients.py:32 |create_github_client | GitHub credentials are not fully set in environment variables.
2026-02-04 14:26:53,102 |  INFO | Attendence.clients | clients.py:19 |create_supabase_client | Supabase client created successfully.
2026-02-04 14:26:53,759 |  INFO | Attendence.clients | clients.py:19 |create_supabase_client | Supabase client created successfully.
2026-02-04 14:26:53,760 |  INFO | Attendence.clients | clients.py:32 |create_github_client | GitHub credentials are not fully set in environment variables.
2026-02-04 14:26:53,982 |  INFO | Attendence.clients | clients.py:19 |create_supabase_client | Supabase client created successfully.
2026-02-04 14:26:54,228 |  INFO | Attendence.clients | clients.py:19 |create_supabase_client | Supabase client created successfully.
2026-02-04 14:26:54,228 |  INFO | Attendence.clients | clients.py:32 |create_github_client | GitHub credentials are not fully set in environment variables.
2026-02-04 14:26:54,438 |  INFO | Attendence.clients | clients.py:19 |create_supabase_client | Supabase client created successfully.
2026-02-04 14:27:00,875 |  INFO | Attendence.clients | clients.py:19 |create_supabase_client | Supabase client created successfully.
2026-02-04 14:27:00,875 |  INFO | Attendence.clients | clients.py:32 |create_github_client | GitHub credentials are not fully set in environment variables.
2026-02-04 14:27:01,062 |  INFO | Attendence.clients | clients.py:19 |create_supabase_client | Supabase client created successfully.
2026-02-04 14:27:01,740 |  INFO | Attendence.clients | clients.py:19 |create_supabase_client | Supabase client created successfully.
2026-02-04 14:27:01,741 |  INFO | Attendence.clients | clients.py:32 |create_github_client | GitHub credentials are not fully set in environment variables.
2026-02-04 14:27:01,928 |  INFO | Attendence.clients | clients.py:19 |create_supabase_client | Supabase client created successfully.
2026-02-04 14:27:02,160 |  INFO | Attendence.clients | clients.py:19 |create_supabase_client | Supabase client created successfully.
2026-02-04 14:27:02,160 |  INFO | Attendence.clients | clients.py:32 |create_github_client | GitHub credentials are not fully set in environment variables.
2026-02-04 14:27:02,314 |  INFO | Attendence.clients | clients.py:19 |create_supabase_client | Supabase client created successfully.
2026-02-04 14:27:04,319 |  INFO | Attendence.clients | clients.py:19 |create_supabase_client | Supabase client created successfully.
2026-02-04 14:27:04,319 |  INFO | Attendence.clients | clients.py:32 |create_github_client | GitHub credentials are not fully set in environment variables.
2026-02-04 14:27:04,498 |  INFO | Attendence.clients | clients.py:19 |create_supabase_client | Supabase client created successfully.
2026-02-04 14:27:05,012 |  INFO | Attendence.clients | clients.py:19 |create_supabase_client | Supabase client created successfully.
2026-02-04 14:27:05,012 |  INFO | Attendence.clients | clients.py:32 |create_github_client | GitHub credentials are not fully set in environment variables.
2026-02-04 14:27:05,222 |  INFO | Attendence.clients | clients.py:19 |create_supabase_client | Supabase client created successfully.
2026-02-04 14:27:05,455 |  INFO | Attendence.clients | clients.py:19 |create_supabase_client | Supabase client created successfully.
2026-02-04 14:27:05,455 |  INFO | Attendence.clients | clients.py:32 |create_github_client | GitHub credentials are not fully set in environment variables.
2026-02-04 14:27:05,651 |  INFO | Attendence.clients | clients.py:19 |create_supabase_client | Supabase client created successfully.
2026-02-04 14:27:07,301 |  INFO | Attendence.clients | clients.py:19 |create_supabase_client | Supabase client created successfully.
2026-02-04 14:27:07,301 |  INFO | Attendence.clients | clients.py:32 |create_github_client | GitHub credentials are not fully set in environment variables.
2026-02-04 14:27:07,479 |  INFO | Attendence.clients | clients.py:19 |create_supabase_client | Supabase client created successfully.
2026-02-04 14:27:08,046 |  INFO | Attendence.clients | clients.py:19 |create_supabase_client | Supabase client created successfully.
2026-02-04 14:27:08,046 |  INFO | Attendence.clients | clients.py:32 |create_github_client | GitHub credentials are not fully set in environment variables.
2026-02-04 14:27:08,218 |  INFO | Attendence.clients | clients.py:19 |create_supabase_client | Supabase client created successfully.
2026-02-04 14:27:08,485 |  INFO | Attendence.clients | clients.py:19 |create_supabase_client | Supabase client created successfully.
2026-02-04 14:27:08,486 |  INFO | Attendence.clients | clients.py:32 |create_github_client | GitHub credentials are not fully set in environment variables.
2026-02-04 14:27:08,657 |  INFO | Attendence.clients | clients.py:19 |create_supabase_client | Supabase client created successfully.
2026-02-04 14:27:10,967 |  INFO | Attendence.clients | clients.py:19 |create_supabase_client | Supabase client created successfully.
2026-02-04 14:27:10,968 |  INFO | Attendence.clients | clients.py:32 |create_github_client | GitHub credentials are not fully set in environment variables.
2026-02-04 14:27:11,161 |  INFO | Attendence.clients | clients.py:19 |create_supabase_client | Supabase client created successfully.
2026-02-04 14:27:11,813 |  INFO | Attendence.clients | clients.py:19 |create_supabase_client | Supabase client created successfully.
2026-02-04 14:27:11,813 |  INFO | Attendence.clients | clients.py:32 |create_github_client | GitHub credentials are not fully set in environment variables.
2026-02-04 14:27:11,988 |  INFO | Attendence.clients | clients.py:19 |create_supabase_client | Supabase client created successfully.
2026-02-04 14:27:12,236 |  INFO | Attendence.clients | clients.py:19 |create_supabase_client | Supabase client created successfully.
2026-02-04 14:27:12,236 |  INFO | Attendence.clients | clients.py:32 |create_github_client | GitHub credentials are not fully set in environment variables.
2026-02-04 14:27:12,453 |  INFO | Attendence.clients | clients.py:19 |create_supabase_client | Supabase client created successfully.
2026-02-04 14:27:14,670 |  INFO | Attendence.clients | clients.py:19 |create_supabase_client | Supabase client created successfully.
2026-02-04 14:27:14,670 |  INFO | Attendence.clients | clients.py:32 |create_github_client | GitHub credentials are not fully set in environment variables.
2026-02-04 14:27:14,847 |  INFO | Attendence.clients | clients.py:19 |create_supabase_client | Supabase client created successfully.
2026-02-04 14:27:15,697 |  INFO | Attendence.clients | clients.py:19 |create_supabase_client | Supabase client created successfully.
2026-02-04 14:27:15,697 |  INFO | Attendence.clients | clients.py:32 |create_github_client | GitHub credentials are not fully set in environment variables.
2026-02-04 14:27:15,894 |  INFO | Attendence.clients | clients.py:19 |create_supabase_client | Supabase client created successfully.
2026-02-04 14:27:16,150 |  INFO | Attendence.clients | clients.py:19 |create_supabase_client | Supabase client created successfully.
2026-02-04 14:27:16,150 |  INFO | Attendence.clients | clients.py:32 |create_github_client | GitHub credentials are not fully set in environment variables.
2026-02-04 14:27:16,332 |  INFO | Attendence.clients | clients.py:19 |create_supabase_client | Supabase client created successfully.
2026-02-04 14:27:18,546 |  INFO | Attendence.clients | clients.py:19 |create_supabase_client | Supabase client created successfully.
2026-02-04 14:27:18,546 |  INFO | Attendence.clients | clients.py:32 |create_github_client | GitHub credentials are not fully set in environment variables.
2026-02-04 14:27:18,732 |  INFO | Attendence.clients | clients.py:19 |create_supabase_client | Supabase client created successfully.
2026-02-04 14:27:19,311 |  INFO | Attendence.clients | clients.py:19 |create_supabase_client | Supabase client created successfully.
2026-02-04 14:27:19,312 |  INFO | Attendence.clients | clients.py:32 |create_github_client | GitHub credentials are not fully set in environment variables.
2026-02-04 14:27:19,528 |  INFO | Attendence.clients | clients.py:19 |create_supabase_client | Supabase client created successfully.
2026-02-04 14:27:19,769 |  INFO | Attendence.clients | clients.py:19 |create_supabase_client | Supabase client created successfully.
2026-02-04 14:27:19,769 |  INFO | Attendence.clients | clients.py:32 |create_github_client | GitHub credentials are not fully set in environment variables.
2026-02-04 14:27:19,942 |  INFO | Attendence.clients | clients.py:19 |create_supabase_client | Supabase client created successfully.
2026-02-04 14:27:22,217 |  INFO | Attendence.clients | clients.py:19 |create_supabase_client | Supabase client created successfully.
2026-02-04 14:27:22,217 |  INFO | Attendence.clients | clients.py:32 |create_github_client | GitHub credentials are not fully set in environment variables.
2026-02-04 14:27:22,397 |  INFO | Attendence.clients | clients.py:19 |create_supabase_client | Supabase client created successfully.
2026-02-04 14:27:23,045 |  INFO | Attendence.clients | clients.py:19 |create_supabase_client | Supabase client created successfully.
2026-02-04 14:27:23,045 |  INFO | Attendence.clients | clients.py:32 |create_github_client | GitHub credentials are not fully set in environment variables.
2026-02-04 14:27:23,223 |  INFO | Attendence.clients | clients.py:19 |create_supabase_client | Supabase client created successfully.
2026-02-04 14:27:23,473 |  INFO | Attendence.clients | clients.py:19 |create_supabase_client | Supabase client created successfully.
2026-02-04 14:27:23,473 |  INFO | Attendence.clients | clients.py:32 |create_github_client | GitHub credentials are not fully set in environment variables.
2026-02-04 14:27:23,645 |  INFO | Attendence.clients | clients.py:19 |create_supabase_client | Supabase client created successfully.
2026-02-04 14:27:27,056 |  INFO | Attendence.clients | clients.py:19 |create_supabase_client | Supabase client created successfully.
2026-02-04 14:27:27,056 |  INFO | Attendence.clients | clients.py:32 |create_github_client | GitHub credentials are not fully set in environment variables.
2026-02-04 14:27:27,236 |  INFO | Attendence.clients | clients.py:19 |create_supabase_client | Supabase client created successfully.
2026-02-04 14:27:27,486 |  INFO | Attendence.clients | clients.py:19 |create_supabase_client | Supabase client created successfully.
2026-02-04 14:27:27,486 |  INFO | Attendence.clients | clients.py:32 |create_github_client | GitHub credentials are not fully set in environment variables.
2026-02-04 14:27:27,646 |  INFO | Attendence.clients | clients.py:19 |create_supabase_client | Supabase client created successfully.
2026-02-04 14:27:52,938 |  INFO | Attendence.clients | clients.py:19 |create_supabase_client | Supabase client created successfully.
2026-02-04 14:27:52,939 |  INFO | Attendence.clients | clients.py:32 |create_github_client | GitHub credentials are not fully set in environment variables.
2026-02-04 14:27:53,152 |  INFO | Attendence.clients | clients.py:19 |create_supabase_client | Supabase client created successfully.
2026-02-04 14:27:54,249 |  INFO | Attendence.clients | clients.py:19 |create_supabase_client | Supabase client created successfully.
2026-02-04 14:27:54,250 |  INFO | Attendence.clients | clients.py:32 |create_github_client | GitHub credentials are not fully set in environment variables.
2026-02-04 14:27:54,431 |  INFO | Attendence.clients | clients.py:19 |create_supabase_client | Supabase client created successfully.
2026-02-04 14:27:54,672 |  INFO | Attendence.clients | clients.py:19 |create_supabase_client | Supabase client created successfully.
2026-02-04 14:27:54,672 |  INFO | Attendence.clients | clients.py:32 |create_github_client | GitHub credentials are not fully set in environment variables.
2026-02-04 14:27:55,193 |  INFO | Attendence.clients | clients.py:19 |create_supabase_client | Supabase client created successfully.
2026-02-04 14:28:05,024 |  INFO | Attendence.clients | clients.py:19 |create_supabase_client | Supabase client created successfully.
2026-02-04 14:28:05,025 |  INFO | Attendence.clients | clients.py:32 |create_github_client | GitHub credentials are not fully set in environment variables.
2026-02-04 14:28:05,238 |  INFO | Attendence.clients | clients.py:19 |create_supabase_client | Supabase client created successfully.
2026-02-04 14:28:06,898 |  INFO | Attendence.clients | clients.py:19 |create_supabase_client | Supabase client created successfully.
2026-02-04 14:28:06,898 |  INFO | Attendence.clients | clients.py:32 |create_github_client | GitHub credentials are not fully set in environment variables.
2026-02-04 14:28:07,130 |  INFO | Attendence.clients | clients.py:19 |create_supabase_client | Supabase client created successfully.
2026-02-04 14:28:07,130 |  INFO | Attendence.clients | clients.py:32 |create_github_client | GitHub credentials are not fully set in environment variables.
2026-02-04 14:28:07,272 |  INFO | Attendence.clients | clients.py:19 |create_supabase_client | Supabase client created successfully.
2026-02-04 14:28:17,942 |  INFO | Attendence.clients | clients.py:19 |create_supabase_client | Supabase client created successfully.
2026-02-04 14:28:17,942 |  INFO | Attendence.clients | clients.py:32 |create_github_client | GitHub credentials are not fully set in environment variables.
2026-02-04 14:28:18,142 |  INFO | Attendence.clients | clients.py:19 |create_supabase_client | Supabase client created successfully.
2026-02-04 14:28:18,382 |  INFO | Attendence.clients | clients.py:19 |create_supabase_client | Supabase client created successfully.
2026-02-04 14:28:18,382 |  INFO | Attendence.clients | clients.py:32 |create_github_client | GitHub credentials are not fully set in environment variables.
2026-02-04 14:28:18,594 |  INFO | Attendence.clients | clients.py:19 |create_supabase_client | Supabase client created successfully.
2026-02-04 14:29:05,397 |  INFO | Attendence.clients | clients.py:19 |create_supabase_client | Supabase client created successfully.
2026-02-04 14:29:05,398 |  INFO | Attendence.clients | clients.py:32 |create_github_client | GitHub credentials are not fully set in environment variables.
2026-02-04 14:29:05,721 |  INFO | Attendence.clients | clients.py:19 |create_supabase_client | Supabase client created successfully.
2026-02-04 14:29:05,989 |  INFO | Attendence.clients | clients.py:19 |create_supabase_client | Supabase client created successfully.
2026-02-04 14:29:05,989 |  INFO | Attendence.clients | clients.py:32 |create_github_client | GitHub credentials are not fully set in environment variables.
2026-02-04 14:29:06,168 |  INFO | Attendence.clients | clients.py:19 |create_supabase_client | Supabase client created successfully.
2026-02-04 14:30:14,410 |  INFO | Attendence.clients | clients.py:19 |create_supabase_client | Supabase client created successfully.
2026-02-04 14:30:14,411 |  INFO | Attendence.clients | clients.py:32 |create_github_client | GitHub credentials are not fully set in environment variables.
2026-02-04 14:30:17,650 |  INFO | Attendence.clients | clients.py:19 |create_supabase_client | Supabase client created successfully.
2026-02-04 14:30:17,651 |  INFO | Attendence.clients | clients.py:32 |create_github_client | GitHub credentials are not fully set in environment variables.
2026-02-04 14:30:17,698 |  INFO | Attendence.clients | clients.py:19 |create_supabase_client | Supabase client created successfully.
2026-02-04 14:30:17,698 |  INFO | Attendence.clients | clients.py:32 |create_github_client | GitHub credentials are not fully set in environment variables.
2026-02-04 14:30:17,918 |  INFO | Attendence.clients | clients.py:19 |create_supabase_client | Supabase client created successfully.
2026-02-04 14:30:41,648 |  INFO | Attendence.clients | clients.py:19 |create_supabase_client | Supabase client created successfully.
2026-02-04 14:30:41,696 |  INFO | Attendence.clients | clients.py:19 |create_supabase_client | Supabase client created successfully.
2026-02-04 14:30:57,435 |  INFO | Attendence.clients | clients.py:19 |create_supabase_client | Supabase client created successfully.
2026-02-04 14:30:57,436 |  INFO | Attendence.clients | clients.py:32 |create_github_client | GitHub credentials are not fully set in environment variables.
2026-02-04 14:30:57,670 |  INFO | Attendence.clients | clients.py:19 |create_supabase_client | Supabase client created successfully.
2026-02-04 14:30:59,284 |  INFO | Attendence.clients | clients.py:19 |create_supabase_client | Supabase client created successfully.
2026-02-04 14:30:59,284 |  INFO | Attendence.clients | clients.py:32 |create_github_client | GitHub credentials are not fully set in environment variables.
2026-02-04 14:30:59,497 |  INFO | Attendence.clients | clients.py:19 |create_supabase_client | Supabase client created successfully.
2026-02-04 14:31:01,007 |  INFO | Attendence.clients | clients.py:19 |create_supabase_client | Supabase client created successfully.
2026-02-04 14:31:01,007 |  INFO | Attendence.clients | clients.py:32 |create_github_client | GitHub credentials are not fully set in environment variables.
2026-02-04 14:31:01,263 |  INFO | Attendence.clients | clients.py:19 |create_supabase_client | Supabase client created successfully.
2026-02-04 14:31:01,263 |  INFO | Attendence.clients | clients.py:32 |create_github_client | GitHub credentials are not fully set in environment variables.
2026-02-04 14:31:01,439 |  INFO | Attendence.clients | clients.py:19 |create_supabase_client | Supabase client created successfully.
2026-02-04 14:31:02,809 |  INFO | Attendence.clients | clients.py:19 |create_supabase_client | Supabase client created successfully.
2026-02-04 14:31:02,809 |  INFO | Attendence.clients | clients.py:32 |create_github_client | GitHub credentials are not fully set in environment variables.
2026-02-04 14:31:03,061 |  INFO | Attendence.clients | clients.py:19 |create_supabase_client | Supabase client created successfully.
2026-02-04 14:31:03,061 |  INFO | Attendence.clients | clients.py:32 |create_github_client | GitHub credentials are not fully set in environment variables.
2026-02-04 14:31:03,264 |  INFO | Attendence.clients | clients.py:19 |create_supabase_client | Supabase client created successfully.
2026-02-04 14:33:41,096 |  INFO | Attendence.clients | clients.py:19 |create_supabase_client | Supabase client created successfully.
2026-02-04 14:33:41,097 |  INFO | Attendence.clients | clients.py:32 |create_github_client | GitHub credentials are not fully set in environment variables.
2026-02-04 14:33:41,823 |  INFO | Attendence.clients | clients.py:19 |create_supabase_client | Supabase client created successfully.
2026-02-04 14:33:41,823 |  INFO | Attendence.clients | clients.py:32 |create_github_client | GitHub credentials are not fully set in environment variables.
2026-02-04 14:33:42,047 |  INFO | Attendence.clients | clients.py:19 |create_supabase_client | Supabase client created successfully.
2026-02-04 14:33:42,093 |  INFO | Attendence.clients | clients.py:19 |create_supabase_client | Supabase client created successfully.
2026-02-04 14:33:42,093 |  INFO | Attendence.clients | clients.py:32 |create_github_client | GitHub credentials are not fully set in environment variables.
2026-02-04 14:33:42,401 |  INFO | Attendence.clients | clients.py:19 |create_supabase_client | Supabase client created successfully.
2026-02-04 14:33:42,401 |  INFO | Attendence.clients | clients.py:32 |create_github_client | GitHub credentials are not fully set in environment variables.
2026-02-04 14:33:42,677 |  INFO | Attendence.clients | clients.py:19 |create_supabase_client | Supabase client created successfully.
2026-02-04 14:33:44,272 |  INFO | Attendence.clients | clients.py:19 |create_supabase_client | Supabase client created successfully.
2026-02-04 14:33:44,272 |  INFO | Attendence.clients | clients.py:32 |create_github_client | GitHub credentials are not fully set in environment variables.
2026-02-04 14:33:44,531 |  INFO | Attendence.clients | clients.py:19 |create_supabase_client | Supabase client created successfully.
2026-02-04 14:33:44,531 |  INFO | Attendence.clients | clients.py:32 |create_github_client | GitHub credentials are not fully set in environment variables.
2026-02-04 14:33:44,800 |  INFO | Attendence.clients | clients.py:19 |create_supabase_client | Supabase client created successfully.
2026-02-04 14:36:14,039 |  INFO | Attendence.clients | clients.py:19 |create_supabase_client | Supabase client created successfully.
2026-02-04 14:36:14,039 |  INFO | Attendence.clients | clients.py:32 |create_github_client | GitHub credentials are not fully set in environment variables.
2026-02-04 14:36:16,962 |  INFO | Attendence.clients | clients.py:19 |create_supabase_client | Supabase client created successfully.
2026-02-04 14:36:16,963 |  INFO | Attendence.clients | clients.py:32 |create_github_client | GitHub credentials are not fully set in environment variables.
2026-02-04 14:36:17,014 |  INFO | Attendence.clients | clients.py:19 |create_supabase_client | Supabase client created successfully.
2026-02-04 14:36:17,014 |  INFO | Attendence.clients | clients.py:32 |create_github_client | GitHub credentials are not fully set in environment variables.
2026-02-04 14:36:17,397 |  INFO | Attendence.clients | clients.py:19 |create_supabase_client | Supabase client created successfully.
2026-02-04 14:36:32,368 |  INFO | Attendence.clients | clients.py:19 |create_supabase_client | Supabase client created successfully.
2026-02-04 14:36:32,369 |  INFO | Attendence.clients | clients.py:32 |create_github_client | GitHub credentials are not fully set in environment variables.
2026-02-04 14:36:32,613 |  INFO | Attendence.clients | clients.py:19 |create_supabase_client | Supabase client created successfully.
2026-02-04 14:36:32,613 |  INFO | Attendence.clients | clients.py:32 |create_github_client | GitHub credentials are not fully set in environment variables.
2026-02-04 14:36:32,829 |  INFO | Attendence.clients | clients.py:19 |create_supabase_client | Supabase client created successfully.
2026-02-04 14:36:33,954 |  INFO | Attendence.clients | clients.py:19 |create_supabase_client | Supabase client created successfully.
2026-02-04 14:36:33,955 |  INFO | Attendence.clients | clients.py:32 |create_github_client | GitHub credentials are not fully set in environment variables.
2026-02-04 14:36:34,265 |  INFO | Attendence.clients | clients.py:19 |create_supabase_client | Supabase client created successfully.
2026-02-04 14:36:34,265 |  INFO | Attendence.clients | clients.py:32 |create_github_client | GitHub credentials are not fully set in environment variables.
2026-02-04 14:36:34,487 |  INFO | Attendence.clients | clients.py:19 |create_supabase_client | Supabase client created successfully.
2026-02-04 14:36:36,275 |  INFO | Attendence.clients | clients.py:19 |create_supabase_client | Supabase client created successfully.
2026-02-04 14:36:36,276 |  INFO | Attendence.clients | clients.py:32 |create_github_client | GitHub credentials are not fully set in environment variables.
2026-02-04 14:36:36,519 |  INFO | Attendence.clients | clients.py:19 |create_supabase_client | Supabase client created successfully.
2026-02-04 14:36:36,519 |  INFO | Attendence.clients | clients.py:32 |create_github_client | GitHub credentials are not fully set in environment variables.
2026-02-04 14:36:36,701 |  INFO | Attendence.clients | clients.py:19 |create_supabase_client | Supabase client created successfully.
2026-02-04 14:37:31,514 |  INFO | Attendence.clients | clients.py:19 |create_supabase_client | Supabase client created successfully.
2026-02-04 14:37:31,515 |  INFO | Attendence.clients | clients.py:32 |create_github_client | GitHub credentials are not fully set in environment variables.
2026-02-04 14:37:37,475 |  INFO | Attendence.clients | clients.py:19 |create_supabase_client | Supabase client created successfully.
2026-02-04 14:37:37,475 |  INFO | Attendence.clients | clients.py:32 |create_github_client | GitHub credentials are not fully set in environment variables.
2026-02-04 14:37:37,531 |  INFO | Attendence.clients | clients.py:19 |create_supabase_client | Supabase client created successfully.
2026-02-04 14:37:37,531 |  INFO | Attendence.clients | clients.py:32 |create_github_client | GitHub credentials are not fully set in environment variables.
2026-02-04 14:37:37,774 |  INFO | Attendence.clients | clients.py:19 |create_supabase_client | Supabase client created successfully.
2026-02-04 14:37:41,983 |  INFO | Attendence.clients | clients.py:19 |create_supabase_client | Supabase client created successfully.
2026-02-04 14:37:41,983 |  INFO | Attendence.clients | clients.py:32 |create_github_client | GitHub credentials are not fully set in environment variables.
2026-02-04 14:37:42,194 |  INFO | Attendence.clients | clients.py:19 |create_supabase_client | Supabase client created successfully.
2026-02-04 14:37:44,992 |  INFO | Attendence.clients | clients.py:19 |create_supabase_client | Supabase client created successfully.
2026-02-04 14:37:44,992 |  INFO | Attendence.clients | clients.py:32 |create_github_client | GitHub credentials are not fully set in environment variables.
2026-02-04 14:37:45,300 |  INFO | Attendence.clients | clients.py:19 |create_supabase_client | Supabase client created successfully.
2026-02-04 14:37:45,300 |  INFO | Attendence.clients | clients.py:32 |create_github_client | GitHub credentials are not fully set in environment variables.
2026-02-04 14:37:45,485 |  INFO | Attendence.clients | clients.py:19 |create_supabase_client | Supabase client created successfully.
2026-02-04 14:37:45,650 |  INFO | Attendence.clients | clients.py:19 |create_supabase_client | Supabase client created successfully.
2026-02-04 14:37:45,650 |  INFO | Attendence.clients | clients.py:32 |create_github_client | GitHub credentials are not fully set in environment variables.
2026-02-04 14:37:45,809 |  INFO | Attendence.clients | clients.py:19 |create_supabase_client | Supabase client created successfully.
2026-02-04 14:37:45,810 |  INFO | Attendence.clients | clients.py:32 |create_github_client | GitHub credentials are not fully set in environment variables.
2026-02-04 14:37:45,974 |  INFO | Attendence.clients | clients.py:19 |create_supabase_client | Supabase client created successfully.
2026-02-04 14:37:45,975 |  INFO | Attendence.clients | clients.py:32 |create_github_client | GitHub credentials are not fully set in environment variables.
2026-02-04 14:37:46,238 |  INFO | Attendence.clients | clients.py:19 |create_supabase_client | Supabase client created successfully.
2026-02-04 14:37:46,238 |  INFO | Attendence.clients | clients.py:32 |create_github_client | GitHub credentials are not fully set in environment variables.
2026-02-04 14:37:46,306 |  INFO | Attendence.clients | clients.py:19 |create_supabase_client | Supabase client created successfully.
2026-02-04 14:37:46,307 |  INFO | Attendence.clients | clients.py:32 |create_github_client | GitHub credentials are not fully set in environment variables.
2026-02-04 14:37:46,475 |  INFO | Attendence.clients | clients.py:19 |create_supabase_client | Supabase client created successfully.
2026-02-04 14:37:46,475 |  INFO | Attendence.clients | clients.py:32 |create_github_client | GitHub credentials are not fully set in environment variables.
2026-02-04 14:37:46,732 |  INFO | Attendence.clients | clients.py:19 |create_supabase_client | Supabase client created successfully.
2026-02-04 14:37:46,732 |  INFO | Attendence.clients | clients.py:32 |create_github_client | GitHub credentials are not fully set in environment variables.
2026-02-04 14:37:46,992 |  INFO | Attendence.clients | clients.py:19 |create_supabase_client | Supabase client created successfully.
2026-02-04 14:42:03,533 |  INFO | Attendence.clients | clients.py:19 |create_supabase_client | Supabase client created successfully.
2026-02-04 14:42:03,533 |  INFO | Attendence.clients | clients.py:32 |create_github_client | GitHub credentials are not fully set in environment variables.
2026-02-04 14:42:17,023 |  INFO | Attendence.clients | clients.py:19 |create_supabase_client | Supabase client created successfully.
2026-02-04 14:42:17,023 |  INFO | Attendence.clients | clients.py:32 |create_github_client | GitHub credentials are not fully set in environment variables.
2026-02-04 14:42:17,069 |  INFO | Attendence.clients | clients.py:19 |create_supabase_client | Supabase client created successfully.
2026-02-04 14:42:17,069 |  INFO | Attendence.clients | clients.py:32 |create_github_client | GitHub credentials are not fully set in environment variables.
2026-02-04 14:42:17,583 |  INFO | Attendence.clients | clients.py:19 |create_supabase_client | Supabase client created successfully.
2026-02-04 14:42:19,655 |  INFO | Attendence.clients | clients.py:19 |create_supabase_client | Supabase client created successfully.
2026-02-04 14:42:19,655 |  INFO | Attendence.clients | clients.py:32 |create_github_client | GitHub credentials are not fully set in environment variables.
2026-02-04 14:42:19,860 |  INFO | Attendence.clients | clients.py:19 |create_supabase_client | Supabase client created successfully.
2026-02-04 14:42:28,013 |  INFO | Attendence.clients | clients.py:19 |create_supabase_client | Supabase client created successfully.
2026-02-04 14:42:28,013 |  INFO | Attendence.clients | clients.py:32 |create_github_client | GitHub credentials are not fully set in environment variables.
2026-02-04 14:42:28,199 |  INFO | Attendence.clients | clients.py:19 |create_supabase_client | Supabase client created successfully.
2026-02-04 14:42:29,599 |  INFO | Attendence.clients | clients.py:19 |create_supabase_client | Supabase client created successfully.
2026-02-04 14:42:29,599 |  INFO | Attendence.clients | clients.py:32 |create_github_client | GitHub credentials are not fully set in environment variables.
2026-02-04 14:42:29,872 |  INFO | Attendence.clients | clients.py:19 |create_supabase_client | Supabase client created successfully.
2026-02-04 14:42:29,872 |  INFO | Attendence.clients | clients.py:32 |create_github_client | GitHub credentials are not fully set in environment variables.
2026-02-04 14:42:30,058 |  INFO | Attendence.clients | clients.py:19 |create_supabase_client | Supabase client created successfully.
2026-02-04 14:42:33,275 |  INFO | Attendence.clients | clients.py:19 |create_supabase_client | Supabase client created successfully.
2026-02-04 14:42:33,275 |  INFO | Attendence.clients | clients.py:32 |create_github_client | GitHub credentials are not fully set in environment variables.
2026-02-04 14:42:33,489 |  INFO | Attendence.clients | clients.py:19 |create_supabase_client | Supabase client created successfully.
2026-02-04 14:42:34,675 |  INFO | Attendence.clients | clients.py:19 |create_supabase_client | Supabase client created successfully.
2026-02-04 14:42:34,675 |  INFO | Attendence.clients | clients.py:32 |create_github_client | GitHub credentials are not fully set in environment variables.
2026-02-04 14:42:34,935 |  INFO | Attendence.clients | clients.py:19 |create_supabase_client | Supabase client created successfully.
2026-02-04 14:42:34,936 |  INFO | Attendence.clients | clients.py:32 |create_github_client | GitHub credentials are not fully set in environment variables.
2026-02-04 14:42:35,132 |  INFO | Attendence.clients | clients.py:19 |create_supabase_client | Supabase client created successfully.
2026-02-04 14:42:39,501 |  INFO | Attendence.clients | clients.py:19 |create_supabase_client | Supabase client created successfully.
2026-02-04 14:42:39,502 |  INFO | Attendence.clients | clients.py:32 |create_github_client | GitHub credentials are not fully set in environment variables.
2026-02-04 14:42:39,812 |  INFO | Attendence.clients | clients.py:19 |create_supabase_client | Supabase client created successfully.
2026-02-04 14:42:41,712 |  INFO | Attendence.clients | clients.py:19 |create_supabase_client | Supabase client created successfully.
2026-02-04 14:42:41,712 |  INFO | Attendence.clients | clients.py:32 |create_github_client | GitHub credentials are not fully set in environment variables.
2026-02-04 14:42:41,932 |  INFO | Attendence.clients | clients.py:19 |create_supabase_client | Supabase client created successfully.
2026-02-04 14:42:41,932 |  INFO | Attendence.clients | clients.py:32 |create_github_client | GitHub credentials are not fully set in environment variables.
2026-02-04 14:42:42,093 |  INFO | Attendence.clients | clients.py:19 |create_supabase_client | Supabase client created successfully.
2026-02-04 14:42:45,315 |  INFO | Attendence.clients | clients.py:19 |create_supabase_client | Supabase client created successfully.
2026-02-04 14:42:45,315 |  INFO | Attendence.clients | clients.py:32 |create_github_client | GitHub credentials are not fully set in environment variables.
2026-02-04 14:42:57,500 |  INFO | Attendence.clients | clients.py:19 |create_supabase_client | Supabase client created successfully.
2026-02-04 14:42:57,501 |  INFO | Attendence.clients | clients.py:32 |create_github_client | GitHub credentials are not fully set in environment variables.
2026-02-04 14:42:57,549 |  INFO | Attendence.clients | clients.py:19 |create_supabase_client | Supabase client created successfully.
2026-02-04 14:42:57,549 |  INFO | Attendence.clients | clients.py:32 |create_github_client | GitHub credentials are not fully set in environment variables.
2026-02-04 14:42:57,745 |  INFO | Attendence.clients | clients.py:19 |create_supabase_client | Supabase client created successfully.
2026-02-04 14:43:04,095 |  INFO | Attendence.clients | clients.py:19 |create_supabase_client | Supabase client created successfully.
2026-02-04 14:43:04,095 |  INFO | Attendence.clients | clients.py:32 |create_github_client | GitHub credentials are not fully set in environment variables.
2026-02-04 14:43:04,285 |  INFO | Attendence.clients | clients.py:19 |create_supabase_client | Supabase client created successfully.
2026-02-04 14:43:05,217 |  INFO | Attendence.clients | clients.py:19 |create_supabase_client | Supabase client created successfully.
2026-02-04 14:43:05,217 |  INFO | Attendence.clients | clients.py:32 |create_github_client | GitHub credentials are not fully set in environment variables.
2026-02-04 14:43:05,408 |  INFO | Attendence.clients | clients.py:19 |create_supabase_client | Supabase client created successfully.
2026-02-04 14:44:23,180 |  INFO | Attendence.clients | clients.py:19 |create_supabase_client | Supabase client created successfully.
2026-02-04 14:44:23,181 |  INFO | Attendence.clients | clients.py:32 |create_github_client | GitHub credentials are not fully set in environment variables.
2026-02-04 14:44:23,480 |  INFO | Attendence.clients | clients.py:19 |create_supabase_client | Supabase client created successfully.
2026-02-04 14:44:33,863 |  INFO | Attendence.clients | clients.py:19 |create_supabase_client | Supabase client created successfully.
2026-02-04 14:44:33,863 |  INFO | Attendence.clients | clients.py:32 |create_github_client | GitHub credentials are not fully set in environment variables.
2026-02-04 14:44:34,035 |  INFO | Attendence.clients | clients.py:19 |create_supabase_client | Supabase client created successfully.
2026-02-04 14:44:34,648 |  INFO | Attendence.clients | clients.py:19 |create_supabase_client | Supabase client created successfully.
2026-02-04 14:44:34,649 |  INFO | Attendence.clients | clients.py:32 |create_github_client | GitHub credentials are not fully set in environment variables.
2026-02-04 14:44:34,851 |  INFO | Attendence.clients | clients.py:19 |create_supabase_client | Supabase client created successfully.
2026-02-04 14:44:41,501 |  INFO | Attendence.clients | clients.py:19 |create_supabase_client | Supabase client created successfully.
2026-02-04 14:44:41,502 |  INFO | Attendence.clients | clients.py:32 |create_github_client | GitHub credentials are not fully set in environment variables.
2026-02-04 14:44:41,737 |  INFO | Attendence.clients | clients.py:19 |create_supabase_client | Supabase client created successfully.
2026-02-04 14:44:41,737 |  INFO | Attendence.clients | clients.py:32 |create_github_client | GitHub credentials are not fully set in environment variables.
2026-02-04 14:44:41,914 |  INFO | Attendence.clients | clients.py:19 |create_supabase_client | Supabase client created successfully.
2026-02-04 14:48:34,773 |  INFO | Attendence.clients | clients.py:19 |create_supabase_client | Supabase client created successfully.
2026-02-04 14:48:34,774 |  INFO | Attendence.clients | clients.py:32 |create_github_client | GitHub credentials are not fully set in environment variables.
2026-02-04 14:48:37,736 |  INFO | Attendence.clients | clients.py:19 |create_supabase_client | Supabase client created successfully.
2026-02-04 14:48:37,736 |  INFO | Attendence.clients | clients.py:32 |create_github_client | GitHub credentials are not fully set in environment variables.
2026-02-04 14:48:37,785 |  INFO | Attendence.clients | clients.py:19 |create_supabase_client | Supabase client created successfully.
2026-02-04 14:48:37,786 |  INFO | Attendence.clients | clients.py:32 |create_github_client | GitHub credentials are not fully set in environment variables.
2026-02-04 14:48:38,093 |  INFO | Attendence.clients | clients.py:19 |create_supabase_client | Supabase client created successfully.
2026-02-04 14:48:41,309 |  INFO | Attendence.clients | clients.py:19 |create_supabase_client | Supabase client created successfully.
2026-02-04 14:48:41,309 |  INFO | Attendence.clients | clients.py:32 |create_github_client | GitHub credentials are not fully set in environment variables.
2026-02-04 14:48:42,528 |  INFO | Attendence.clients | clients.py:19 |create_supabase_client | Supabase client created successfully.
2026-02-04 14:48:42,554 |  INFO | Attendence.clients | clients.py:19 |create_supabase_client | Supabase client created successfully.
2026-02-04 14:48:42,554 |  INFO | Attendence.clients | clients.py:32 |create_github_client | GitHub credentials are not fully set in environment variables.
2026-02-04 14:48:42,784 |  INFO | Attendence.clients | clients.py:19 |create_supabase_client | Supabase client created successfully.
2026-02-04 14:48:42,784 |  INFO | Attendence.clients | clients.py:32 |create_github_client | GitHub credentials are not fully set in environment variables.
2026-02-04 14:48:42,985 |  INFO | Attendence.clients | clients.py:19 |create_supabase_client | Supabase client created successfully.
2026-02-04 14:48:45,769 |  INFO | Attendence.clients | clients.py:19 |create_supabase_client | Supabase client created successfully.
2026-02-04 14:48:45,769 |  INFO | Attendence.clients | clients.py:32 |create_github_client | GitHub credentials are not fully set in environment variables.
2026-02-04 14:48:46,002 |  INFO | Attendence.clients | clients.py:19 |create_supabase_client | Supabase client created successfully.
2026-02-04 14:48:46,002 |  INFO | Attendence.clients | clients.py:32 |create_github_client | GitHub credentials are not fully set in environment variables.
2026-02-04 14:48:46,171 |  INFO | Attendence.clients | clients.py:19 |create_supabase_client | Supabase client created successfully.
2026-02-04 14:48:47,018 |  INFO | Attendence.clients | clients.py:19 |create_supabase_client | Supabase client created successfully.
2026-02-04 14:48:47,019 |  INFO | Attendence.clients | clients.py:32 |create_github_client | GitHub credentials are not fully set in environment variables.
2026-02-04 14:48:47,263 |  INFO | Attendence.clients | clients.py:19 |create_supabase_client | Supabase client created successfully.
2026-02-04 14:48:47,263 |  INFO | Attendence.clients | clients.py:32 |create_github_client | GitHub credentials are not fully set in environment variables.
2026-02-04 14:48:47,468 |  INFO | Attendence.clients | clients.py:19 |create_supabase_client | Supabase client created successfully.
2026-02-04 14:48:49,349 |  INFO | Attendence.clients | clients.py:19 |create_supabase_client | Supabase client created successfully.
2026-02-04 14:48:49,350 |  INFO | Attendence.clients | clients.py:32 |create_github_client | GitHub credentials are not fully set in environment variables.
2026-02-04 14:48:49,576 |  INFO | Attendence.clients | clients.py:19 |create_supabase_client | Supabase client created successfully.
2026-02-04 14:48:49,576 |  INFO | Attendence.clients | clients.py:32 |create_github_client | GitHub credentials are not fully set in environment variables.
2026-02-04 14:48:49,750 |  INFO | Attendence.clients | clients.py:19 |create_supabase_client | Supabase client created successfully.
2026-02-04 14:48:55,318 |  INFO | Attendence.clients | clients.py:19 |create_supabase_client | Supabase client created successfully.
2026-02-04 14:48:55,327 |  INFO | Attendence.clients | clients.py:19 |create_supabase_client | Supabase client created successfully.
2026-02-04 14:48:56,728 |  INFO | Attendence.clients | clients.py:19 |create_supabase_client | Supabase client created successfully.
2026-02-04 14:48:56,736 |  INFO | Attendence.clients | clients.py:19 |create_supabase_client | Supabase client created successfully.
2026-02-04 14:54:18,996 |  INFO | Attendence.clients | clients.py:19 |create_supabase_client | Supabase client created successfully.
2026-02-04 14:54:18,997 |  INFO | Attendence.clients | clients.py:32 |create_github_client | GitHub credentials are not fully set in environment variables.
2026-02-04 14:54:19,940 |  INFO | Attendence.clients | clients.py:19 |create_supabase_client | Supabase client created successfully.
2026-02-04 14:54:19,940 |  INFO | Attendence.clients | clients.py:32 |create_github_client | GitHub credentials are not fully set in environment variables.
2026-02-04 14:54:20,177 |  INFO | Attendence.clients | clients.py:19 |create_supabase_client | Supabase client created successfully.
2026-02-04 14:55:15,868 |  INFO | Attendence.clients | clients.py:19 |create_supabase_client | Supabase client created successfully.
2026-02-04 14:55:15,869 |  INFO | Attendence.clients | clients.py:32 |create_github_client | GitHub credentials are not fully set in environment variables.
2026-02-04 14:55:15,932 |  INFO | Attendence.clients | clients.py:19 |create_supabase_client | Supabase client created successfully.
2026-02-04 14:55:15,932 |  INFO | Attendence.clients | clients.py:32 |create_github_client | GitHub credentials are not fully set in environment variables.
2026-02-04 14:55:16,221 |  INFO | Attendence.clients | clients.py:19 |create_supabase_client | Supabase client created successfully.
2026-02-04 14:55:19,684 |  INFO | Attendence.clients | clients.py:19 |create_supabase_client | Supabase client created successfully.
2026-02-04 14:55:19,684 |  INFO | Attendence.clients | clients.py:32 |create_github_client | GitHub credentials are not fully set in environment variables.
2026-02-04 14:55:19,946 |  INFO | Attendence.clients | clients.py:19 |create_supabase_client | Supabase client created successfully.
2026-02-04 14:56:34,581 |  INFO | Attendence.clients | clients.py:19 |create_supabase_client | Supabase client created successfully.
2026-02-04 14:56:34,631 |  INFO | Attendence.clients | clients.py:19 |create_supabase_client | Supabase client created successfully.
2026-02-04 14:56:42,531 |  INFO | Attendence.clients | clients.py:19 |create_supabase_client | Supabase client created successfully.
2026-02-04 14:56:42,533 |  INFO | Attendence.clients | clients.py:32 |create_github_client | GitHub credentials are not fully set in environment variables.
2026-02-04 14:56:45,142 |  INFO | Attendence.clients | clients.py:19 |create_supabase_client | Supabase client created successfully.
2026-02-04 14:56:45,142 |  INFO | Attendence.clients | clients.py:32 |create_github_client | GitHub credentials are not fully set in environment variables.
